Arguments: 
  C:\Program Files\nodejs\node.exe C:\Users\91895\AppData\Roaming\npm\node_modules\yarn\bin\yarn.js add express nodemon socket.io cors

PATH: 
  C:\Program Files\Common Files\Oracle\Java\javapath;C:\windows\system32;C:\windows;C:\windows\System32\Wbem;C:\windows\System32\WindowsPowerShell\v1.0\;C:\windows\System32\OpenSSH\;C:\Program Files\Git\cmd;C:\Program Files\dotnet\;C:\ProgramData\chocolatey\bin;C:\Program Files\nodejs\;C:\Program Files (x86)\Java\jdk1.8.0_211\bin;;C:\Program Files (x86)\gnupg\bin;C:\Ruby30-x64\bin;C:\Users\91895\AppData\Local\Programs\Python\Python39\Scripts\;C:\Users\91895\AppData\Local\Programs\Python\Python39\;C:\Users\91895\AppData\Local\Microsoft\WindowsApps;C:\Users\91895\AppData\Local\Programs\Microsoft VS Code\bin;C:\Users\91895\AppData\Local\GitHubDesktop\bin;C:\Users\91895\AppData\Roaming\npm;C:\Users\91895\AppData\Local\Android\Sdk\platform-tools;C:\Program Files\heroku\bin

Yarn version: 
  1.22.10

Node version: 
  16.6.2

Platform: 
  win32 x64

Trace: 
  Error: getaddrinfo ENOTFOUND registry.yarnpkg.com
      at GetAddrInfoReqWrap.onlookup [as oncomplete] (node:dns:71:26)

npm manifest: 
  {
    "name": "server-chat-app",
    "version": "1.0.0",
    "description": "backend server api for chat app",
    "main": "app.js",
    "author": "Rishabh singh",
    "license": "ISC"
  }

yarn manifest: 
  No manifest

Lockfile: 
  No lockfile
